<?xml version="1.0" encoding="UTF-8"?>
<!-- Generated by org.testng.reporters.JUnitReportReporter -->
<testsuite hostname="DESKTOP-N9VEUJQ" failures="0" tests="1" name="testRunner.TestRunner" time="5.309" errors="0" timestamp="2023-01-04T21:55:42 IST" skipped="0">
  <testcase classname="testRunner.TestRunner" name="runScenario" time="5.309"/>
  <system-out/>
</testsuite> <!-- testRunner.TestRunner -->
